MPASM  5.50                          MAIN.ASM   6-19-2020  20:08:23         PAGE  1


LOC  OBJECT CODE     LINE SOURCE TEXT
  VALUE

                      00001 ;**********************************************************************
                      00002 ;                                                                     *
                      00003 ;    Filename:      ADC                                                           *
                      00004 ;    Date:          16/06/2020                                        *
                      00005 ;                                                                     *
                      00006 ;    Author:            KHADRAOUI Ibrahim                                 *
                      00007 ;    Company:           USTHB FEI                                         *
                      00008 ;                                                                     * 
                      00009 ;                                                                     *
                      00010 ;**********************************************************************
                      00011 ;**********************************************************************
                      00012 ;                                                                     *
                      00013 ;    Notes:                                                           *
                      00014 ;                                                                     *
                      00015 ;**********************************************************************
                      00016 
                      00017         list      r=dec
                      00018         list      p=16f877            
                      00019         #include <p16f877.inc>        
                      00001         LIST
                      00002 
                      00003 ;==========================================================================
                      00004 ;  MPASM PIC16F877 processor include
                      00005 ; 
                      00006 ;  (c) Copyright 1999-2013 Microchip Technology, All rights reserved
                      00007 ;==========================================================================
                      00008 
                      00540         LIST
                      00020         
2007   3D3A           00021         __CONFIG _CP_OFF & _WDT_OFF & _BODEN_OFF & _PWRTE_OFF & _HS_OSC & _WRT_ENABLE_OFF & _LVP_OFF & _
                            DEBUG_OFF & _CPD_OFF 
                      00022 
                      00023 
                      00024 ;******* VARIABLE DEFINITIONS
                      00025         cblock 0x20
  00000020            00026 buffer                  :20     ;reserver 20 octets pour stocker les donnes recus
  00000034            00027 variable1               :1
  00000035            00028 variable2               :1
  00000036            00029 variable3               :1
  00000037            00030 w_temp          :1
  00000038            00031 status_temp     :1
  00000039            00032 ptr                             :1
                      00033         endc
                      00034 ;**********************************************************************
                      00035 ;**********************************************************************
0000                  00036                 ORG     0x000             ; processor reset vector
0000   280C           00037                 goto    main              ; go to beginning of program
                      00038                 
                      00039 ;**********************************************************************
                      00040 ;**********************************************************************
0004                  00041                 ORG     0x004             ; interrupt vector location
0004   00B7           00042                 movwf   w_temp            ; save off current W register contents
0005   0803           00043                 movf    STATUS,w          ; move status register into W register
MPASM  5.50                          MAIN.ASM   6-19-2020  20:08:23         PAGE  2


LOC  OBJECT CODE     LINE SOURCE TEXT
  VALUE

0006   00B8           00044                 movwf   status_temp       ; save off contents of STATUS register
                      00045 ;****************
0007   0838           00046                 movf    status_temp,w     ; retrieve copy of STATUS register
0008   0083           00047                 movwf   STATUS            ; restore pre-isr STATUS register contents
0009   0EB7           00048                 swapf   w_temp,f
000A   0E37           00049                 swapf   w_temp,w          ; restore pre-isr W register contents
000B   0009           00050                 retfie                    ; return from interrupt
                      00051 ;**********************************************************************
                      00052 ;**********************************************************************
                      00053 
                      00054 
000C                  00055 main
                      00056                 ;Mettre la variable ptr a zero
000C   1283 1303      00057                 banksel         ptr
000E   01B9           00058                 clrf            ptr
                      00059                 
                      00060                 ;PORC en entree
000F   1683 1303      00061                 banksel         TRISC
0011   30FF           00062                 movlw           0xff
Message[302]: Register in operand not in bank 0.  Ensure that bank bits are correct.
0012   0087           00063                 movwf           TRISC
                      00064                 
                      00065                 
                      00066                 ;Charger SPBRH par la valeur decimale 25
                      00067                 ;;;Datasheet page 100 TABLE 10-4
                      00068                 ;;;;;;Avec une frequence d'horloge de Fosc=4Mhz et un Baud-Rates=9600bit/s
                      00069                 ;;;;;;et avec BRGH = 1
0013   1683 1303      00070                 banksel         SPBRG
0015   3019           00071                 movlw           .25
Message[302]: Register in operand not in bank 0.  Ensure that bank bits are correct.
0016   0099           00072                 movwf           SPBRG
0017   1683 1303      00073                 banksel         TXSTA
Message[302]: Register in operand not in bank 0.  Ensure that bank bits are correct.
0019   1518           00074                 bsf                     TXSTA,BRGH
Message[302]: Register in operand not in bank 0.  Ensure that bank bits are correct.
001A   1218           00075                 bcf                     TXSTA,SYNC
                      00076                 
                      00077                 
                      00078                 ;Activer le port serie
001B   1283 1303      00079                 banksel         RCSTA
001D   1798           00080                 bsf                     RCSTA,SPEN
                      00081 
001E                  00082 loop
                      00083                 ;Activer la reception
001E   1283 1303      00084                 banksel         RCSTA           
0020   1618           00085                 bsf                     RCSTA,CREN
                      00086                 
                      00087                 ;Attendre que la donnee est placee dans RCREG
0021   1283 1303      00088                 banksel         PIR1
0023   1E8C           00089                 btfss           PIR1,RCIF
0024   2823           00090                 goto            $-1
                      00091                 
                      00092                 ;Mettre l'adresse du Buffer dans FSR
MPASM  5.50                          MAIN.ASM   6-19-2020  20:08:23         PAGE  3


LOC  OBJECT CODE     LINE SOURCE TEXT
  VALUE

0025   1283 1303      00093                 banksel         ptr
0027   3020           00094                 movlw           0x20
0028   0739           00095                 addwf           ptr,W   ;Ajouter l'offset
0029   0084           00096                 movwf           FSR             ;Pointer le buffer 
002A   1283 1303      00097                 banksel         RCREG
002C   081A           00098                 movf            RCREG,W ;Recuperer la donnee de RCREG
002D   0080           00099                 movwf           INDF    ;Mettre la donnee dans le Buffer
                      00100                                                         ;;;;(Adressage indirect)
                      00101                 
                      00102                 ;Incrementer le pointer du Buffer
002E   1283 1303      00103                 banksel         ptr
Message[305]: Using default destination of 1 (file).
0030   0AB9           00104                 incf            ptr
                      00105                 ;Tester si le pointer est arrive a la fin du Buffer
                      00106                 ;;Si oui => remmetre a zero (adresse 0x20)
                      00107                 ;;Si non => revenir au label loop 
0031   3014           00108                 movlw           .20
0032   0239           00109                 subwf           ptr,W
0033   1D03           00110                 btfss           STATUS,Z
0034   281E           00111                 goto            loop
0035   01B9           00112                 clrf            ptr
0036   0184           00113                 clrf            FSR
0037   281E           00114                 goto            loop
                      00115 
                      00116 ;************************************************************************
0038                  00117 delay           ;Routine de delai (1s)
0038   1283 1303      00118                 banksel         variable1
003A   30FF           00119                 movlw           0xff
003B   00B4           00120                 movwf           variable1
003C   00B5           00121                 movwf           variable2
003D   3005           00122                 movlw           0x05
003E   00B6           00123                 movwf           variable3
003F                  00124 b1
Message[305]: Using default destination of 1 (file).
003F   0BB4           00125                 decfsz          variable1
0040   283F           00126                 goto            b1
0041   30FF           00127                 movlw           0xff
0042   00B4           00128                 movwf           variable1
Message[305]: Using default destination of 1 (file).
0043   0BB5           00129                 decfsz          variable2
0044   283F           00130                 goto            b1
0045   30FF           00131                 movlw           0xff
0046   00B5           00132                 movwf           variable2
Message[305]: Using default destination of 1 (file).
0047   0BB6           00133                 decfsz          variable3
0048   283F           00134                 goto            b1
0049   3005           00135                 movlw           0x05
004A   00B6           00136                 movwf           variable3
004B   0008           00137                 return
                      00138 ;************************************************************************
                      00139                 end                       
MPASM  5.50                          MAIN.ASM   6-19-2020  20:08:23         PAGE  4


SYMBOL TABLE
  LABEL                             VALUE 

ACKDT                             00000005
ACKEN                             00000004
ACKSTAT                           00000006
ADCON0                            0000001F
ADCON1                            0000009F
ADCS0                             00000006
ADCS1                             00000007
ADDEN                             00000003
ADFM                              00000007
ADIE                              00000006
ADIF                              00000006
ADON                              00000000
ADRESH                            0000001E
ADRESL                            0000009E
BCLIE                             00000003
BCLIF                             00000003
BF                                00000000
BRGH                              00000002
C                                 00000000
CCP1CON                           00000017
CCP1IE                            00000002
CCP1IF                            00000002
CCP1M0                            00000000
CCP1M1                            00000001
CCP1M2                            00000002
CCP1M3                            00000003
CCP1X                             00000005
CCP1Y                             00000004
CCP2CON                           0000001D
CCP2IE                            00000000
CCP2IF                            00000000
CCP2M0                            00000000
CCP2M1                            00000001
CCP2M2                            00000002
CCP2M3                            00000003
CCP2X                             00000005
CCP2Y                             00000004
CCPR1                             00000015
CCPR1H                            00000016
CCPR1L                            00000015
CCPR2                             0000001B
CCPR2H                            0000001C
CCPR2L                            0000001B
CHS0                              00000003
CHS1                              00000004
CHS2                              00000005
CKE                               00000006
CKP                               00000004
CREN                              00000004
CSRC                              00000007
D                                 00000005
DATA_ADDRESS                      00000005
DC                                00000001
MPASM  5.50                          MAIN.ASM   6-19-2020  20:08:23         PAGE  5


SYMBOL TABLE
  LABEL                             VALUE 

D_A                               00000005
D_NOT_A                           00000005
EEADR                             0000010D
EEADRH                            0000010F
EECON1                            0000018C
EECON2                            0000018D
EEDATA                            0000010C
EEDATH                            0000010E
EEIE                              00000004
EEIF                              00000004
EEPGD                             00000007
F                                 00000001
FERR                              00000002
FSR                               00000004
GCEN                              00000007
GIE                               00000007
GO                                00000002
GO_DONE                           00000002
GO_NOT_DONE                       00000002
I2C_DATA                          00000005
I2C_READ                          00000002
I2C_START                         00000003
I2C_STOP                          00000004
IBF                               00000007
IBOV                              00000005
INDF                              00000000
INTCON                            0000000B
INTE                              00000004
INTEDG                            00000006
INTF                              00000001
IRP                               00000007
NOT_A                             00000005
NOT_ADDRESS                       00000005
NOT_BO                            00000000
NOT_BOR                           00000000
NOT_DONE                          00000002
NOT_PD                            00000003
NOT_POR                           00000001
NOT_RBPU                          00000007
NOT_RC8                           00000006
NOT_T1SYNC                        00000002
NOT_TO                            00000004
NOT_TX8                           00000006
NOT_W                             00000002
NOT_WRITE                         00000002
OBF                               00000006
OERR                              00000001
OPTION_REG                        00000081
P                                 00000004
PCFG0                             00000000
PCFG1                             00000001
PCFG2                             00000002
PCFG3                             00000003
MPASM  5.50                          MAIN.ASM   6-19-2020  20:08:23         PAGE  6


SYMBOL TABLE
  LABEL                             VALUE 

PCL                               00000002
PCLATH                            0000000A
PCON                              0000008E
PEIE                              00000006
PEN                               00000002
PIE1                              0000008C
PIE2                              0000008D
PIR1                              0000000C
PIR2                              0000000D
PORTA                             00000005
PORTB                             00000006
PORTC                             00000007
PORTD                             00000008
PORTE                             00000009
PR2                               00000092
PS0                               00000000
PS1                               00000001
PS2                               00000002
PSA                               00000003
PSPIE                             00000007
PSPIF                             00000007
PSPMODE                           00000004
R                                 00000002
RA0                               00000000
RA1                               00000001
RA2                               00000002
RA3                               00000003
RA4                               00000004
RA5                               00000005
RB0                               00000000
RB1                               00000001
RB2                               00000002
RB3                               00000003
RB4                               00000004
RB5                               00000005
RB6                               00000006
RB7                               00000007
RBIE                              00000003
RBIF                              00000000
RC0                               00000000
RC1                               00000001
RC2                               00000002
RC3                               00000003
RC4                               00000004
RC5                               00000005
RC6                               00000006
RC7                               00000007
RC8_9                             00000006
RC9                               00000006
RCD8                              00000000
RCEN                              00000003
RCIE                              00000005
RCIF                              00000005
MPASM  5.50                          MAIN.ASM   6-19-2020  20:08:23         PAGE  7


SYMBOL TABLE
  LABEL                             VALUE 

RCREG                             0000001A
RCSTA                             00000018
RD                                00000000
RD0                               00000000
RD1                               00000001
RD2                               00000002
RD3                               00000003
RD4                               00000004
RD5                               00000005
RD6                               00000006
RD7                               00000007
RE0                               00000000
RE1                               00000001
RE2                               00000002
READ_WRITE                        00000002
RP0                               00000005
RP1                               00000006
RSEN                              00000001
RX9                               00000006
RX9D                              00000000
R_NOT_W                           00000002
R_W                               00000002
S                                 00000003
SEN                               00000000
SMP                               00000007
SPBRG                             00000099
SPEN                              00000007
SREN                              00000005
SSPADD                            00000093
SSPBUF                            00000013
SSPCON                            00000014
SSPCON2                           00000091
SSPEN                             00000005
SSPIE                             00000003
SSPIF                             00000003
SSPM0                             00000000
SSPM1                             00000001
SSPM2                             00000002
SSPM3                             00000003
SSPOV                             00000006
SSPSTAT                           00000094
STATUS                            00000003
SYNC                              00000004
T0CS                              00000005
T0IE                              00000005
T0IF                              00000002
T0SE                              00000004
T1CKPS0                           00000004
T1CKPS1                           00000005
T1CON                             00000010
T1INSYNC                          00000002
T1OSCEN                           00000003
T1SYNC                            00000002
MPASM  5.50                          MAIN.ASM   6-19-2020  20:08:23         PAGE  8


SYMBOL TABLE
  LABEL                             VALUE 

T2CKPS0                           00000000
T2CKPS1                           00000001
T2CON                             00000012
TMR0                              00000001
TMR0IE                            00000005
TMR0IF                            00000002
TMR1                              0000000E
TMR1CS                            00000001
TMR1H                             0000000F
TMR1IE                            00000000
TMR1IF                            00000000
TMR1L                             0000000E
TMR1ON                            00000000
TMR2                              00000011
TMR2IE                            00000001
TMR2IF                            00000001
TMR2ON                            00000002
TOUTPS0                           00000003
TOUTPS1                           00000004
TOUTPS2                           00000005
TOUTPS3                           00000006
TRISA                             00000085
TRISA0                            00000000
TRISA1                            00000001
TRISA2                            00000002
TRISA3                            00000003
TRISA4                            00000004
TRISA5                            00000005
TRISB                             00000086
TRISB0                            00000000
TRISB1                            00000001
TRISB2                            00000002
TRISB3                            00000003
TRISB4                            00000004
TRISB5                            00000005
TRISB6                            00000006
TRISB7                            00000007
TRISC                             00000087
TRISC0                            00000000
TRISC1                            00000001
TRISC2                            00000002
TRISC3                            00000003
TRISC4                            00000004
TRISC5                            00000005
TRISC6                            00000006
TRISC7                            00000007
TRISD                             00000088
TRISD0                            00000000
TRISD1                            00000001
TRISD2                            00000002
TRISD3                            00000003
TRISD4                            00000004
TRISD5                            00000005
MPASM  5.50                          MAIN.ASM   6-19-2020  20:08:23         PAGE  9


SYMBOL TABLE
  LABEL                             VALUE 

TRISD6                            00000006
TRISD7                            00000007
TRISE                             00000089
TRISE0                            00000000
TRISE1                            00000001
TRISE2                            00000002
TRMT                              00000001
TX8_9                             00000006
TX9                               00000006
TX9D                              00000000
TXD8                              00000000
TXEN                              00000005
TXIE                              00000004
TXIF                              00000004
TXREG                             00000019
TXSTA                             00000098
UA                                00000001
W                                 00000000
WCOL                              00000007
WR                                00000001
WREN                              00000002
WRERR                             00000003
Z                                 00000002
_BODEN_OFF                        00003FBF
_BODEN_ON                         00003FFF
_BOREN_OFF                        00003FBF
_BOREN_ON                         00003FFF
_CONFIG                           00002007
_CPD_OFF                          00003FFF
_CPD_ON                           00003EFF
_CP_ALL                           00000FCF
_CP_HALF                          00001FDF
_CP_OFF                           00003FFF
_CP_UPPER_256                     00002FEF
_DEBUG_OFF                        00003FFF
_DEBUG_ON                         000037FF
_DEVID1                           00002006
_FOSC_EXTRC                       00003FFF
_FOSC_HS                          00003FFE
_FOSC_LP                          00003FFC
_FOSC_XT                          00003FFD
_HS_OSC                           00003FFE
_IDLOC0                           00002000
_IDLOC1                           00002001
_IDLOC2                           00002002
_IDLOC3                           00002003
_LP_OSC                           00003FFC
_LVP_OFF                          00003F7F
_LVP_ON                           00003FFF
_PWRTE_OFF                        00003FFF
_PWRTE_ON                         00003FF7
_RC_OSC                           00003FFF
_WDTE_OFF                         00003FFB
MPASM  5.50                          MAIN.ASM   6-19-2020  20:08:23         PAGE 10


SYMBOL TABLE
  LABEL                             VALUE 

_WDTE_ON                          00003FFF
_WDT_OFF                          00003FFB
_WDT_ON                           00003FFF
_WRT_ENABLE_OFF                   00003DFF
_WRT_ENABLE_ON                    00003FFF
_WRT_OFF                          00003DFF
_WRT_ON                           00003FFF
_XT_OSC                           00003FFD
__16F877                          00000001
__DEBUG                           1
b1                                0000003F
buffer                            00000020
delay                             00000038
loop                              0000001E
main                              0000000C
ptr                               00000039
status_temp                       00000038
variable1                         00000034
variable2                         00000035
variable3                         00000036
w_temp                            00000037


MEMORY USAGE MAP ('X' = Used,  '-' = Unused)

0000 : X---XXXXXXXXXXXX XXXXXXXXXXXXXXXX XXXXXXXXXXXXXXXX XXXXXXXXXXXXXXXX
0040 : XXXXXXXXXXXX---- ---------------- ---------------- ----------------
2000 : -------X-------- ---------------- ---------------- ----------------

All other memory blocks unused.

Program Memory Words Used:    73
Program Memory Words Free:  8119


Errors   :     0
Warnings :     0 reported,     0 suppressed
Messages :     8 reported,     0 suppressed

