MPASM  5.50                          MAIN.ASM   6-11-2020  21:30:43         PAGE  1


LOC  OBJECT CODE     LINE SOURCE TEXT
  VALUE

                      00001 ;**********************************************************************
                      00002 ;                                                                     *
                      00003 ;    Filename:      MSSP_I2C                                              *
                      00004 ;    Date:          10/06/2020                                        *
                      00005 ;                                                                     *
                      00006 ;    Author:            KHADRAOUI Ibrahim                                 *
                      00007 ;    Company:           USTHB FEI                                         *
                      00008 ;                                                                     * 
                      00009 ;                                                                     *
                      00010 ;**********************************************************************
                      00011 ;**********************************************************************
                      00012 ;                                                                     *
                      00013 ;    Notes:                                                           *
                      00014 ;                                                                     *
                      00015 ;**********************************************************************
                      00016 
                      00017         list      r=dec
                      00018         list      p=16f877            
                      00019         #include <p16f877.inc>        
                      00001         LIST
                      00002 
                      00003 ;==========================================================================
                      00004 ;  MPASM PIC16F877 processor include
                      00005 ; 
                      00006 ;  (c) Copyright 1999-2013 Microchip Technology, All rights reserved
                      00007 ;==========================================================================
                      00008 
                      00540         LIST
                      00020         
2007   3D3A           00021         __CONFIG _CP_OFF & _WDT_OFF & _BODEN_OFF & _PWRTE_OFF & _HS_OSC & _WRT_ENABLE_OFF & _LVP_OFF & _
                            DEBUG_OFF & _CPD_OFF 
                      00022 
                      00023 
                      00024 ;******* VARIABLE DEFINITIONS
                      00025         cblock 0x20
  00000020            00026 variable1               :1
  00000021            00027 variable2               :1
  00000022            00028 variable3               :1
                      00029 
  00000023            00030 adr_EEPROM              :1
                      00031 
  00000024            00032 w_temp          :1
  00000025            00033 status_temp     :1
  00000026            00034 ptr                             :1
                      00035         endc
                      00036 ;**********************************************************************
                      00037 ;**********************************************************************
0000                  00038                 ORG     0x000             ; processor reset vector
0000   280C           00039                 goto    main              ; go to beginning of program
                      00040                 
                      00041 ;**********************************************************************
                      00042 ;**********************************************************************
0004                  00043                 ORG     0x004             ; interrupt vector location
MPASM  5.50                          MAIN.ASM   6-11-2020  21:30:43         PAGE  2


LOC  OBJECT CODE     LINE SOURCE TEXT
  VALUE

0004   00A4           00044                 movwf   w_temp            ; save off current W register contents
0005   0803           00045                 movf    STATUS,w          ; move status register into W register
0006   00A5           00046                 movwf   status_temp       ; save off contents of STATUS register
                      00047 ;****************
0007   0825           00048                 movf    status_temp,w     ; retrieve copy of STATUS register
0008   0083           00049                 movwf   STATUS            ; restore pre-isr STATUS register contents
0009   0EA4           00050                 swapf   w_temp,f
000A   0E24           00051                 swapf   w_temp,w          ; restore pre-isr W register contents
000B   0009           00052                 retfie                    ; return from interrupt
                      00053 ;**********************************************************************
                      00054 ;**********************************************************************
                      00055 
                      00056 
000C                  00057 main
                      00058                 ;Mise a zero de mes deux variables (adr_EEPROM, data_EEPROM)
000C   1283 1303      00059                 banksel         adr_EEPROM
000E   01A3           00060                 clrf            adr_EEPROM
000F   01A6           00061                 clrf            ptr
                      00062                 ;Config (PORTC input)
0010   1683 1303      00063                 banksel         TRISC
0012   30FF           00064                 movlw           0xff
Message[302]: Register in operand not in bank 0.  Ensure that bank bits are correct.
0013   0087           00065                 movwf           TRISC
0014   1283 1303      00066                 banksel         PORTC
                      00067                 
                      00068                 ;Config MSSP for I2C
0016   1683 1303      00069                 banksel         SSPSTAT         
                      00070                 
Message[302]: Register in operand not in bank 0.  Ensure that bank bits are correct.
0018   1794           00071                 bsf                     SSPSTAT,SMP     ;In I2C Master or Slave mode:
                      00072                                                                  ;=> 1 = Slew rate control disabled for 
                            standard speed mode (100 kHz and 1 MHz) <=
                      00073                                                                  ;0 = Slew rate control enabled for high
                             speed mode (400 kHz)
                      00074                 
Message[302]: Register in operand not in bank 0.  Ensure that bank bits are correct.
0019   1314           00075                 bcf                     SSPSTAT,CKE     ;I2C Master or Slave mode:
                      00076                                                                  ;1 = Input levels conform to SMBus spec
                      00077                                                                  ;=> 0 = Input levels conform to I2C spe
                            cs <=
001A   1683 1303      00078                 banksel         SSPADD
001C   3009           00079                 movlw           0x09            ; Datasheet 16F877 page 87 (9.2.8 BAUD RATE GENERATOR)
Message[302]: Register in operand not in bank 0.  Ensure that bank bits are correct.
001D   0093           00080                 movwf           SSPADD          ;Note:Baud Rate = FOSC / (4 * (SSPADD + 1) )
                      00081                 
001E   1283 1303      00082                 banksel         SSPCON
0020   3028           00083                 movlw           0x28            ; Datasheet page 69 (REGISTER 9-2: SSPCON: SYNC SERIAL P
                            ORT CONTROL REGISTER (ADDRESS 14h))
0021   0094           00084                 movwf           SSPCON          ;
                      00085                 
                      00086                 
                      00087                 
0022   1283 1303      00088                 banksel         PORTC
MPASM  5.50                          MAIN.ASM   6-11-2020  21:30:43         PAGE  3


LOC  OBJECT CODE     LINE SOURCE TEXT
  VALUE

0024                  00089 begin
0024   1C07           00090                 btfss           PORTC,RC0
0025   2824           00091                 goto            begin
0026                  00092 infloop
0026   2050           00093                 call            I2C_start               ;Lancer une condition Start
0027   30A0           00094                 movlw           b'10100000'             ;Mettre l'adresse de l'esclave dans W suivi du b
                            it R/W
0028   2055           00095                 call            I2C_write               ;Ecrire le contenu de W dans le bus I2C
0029   205A           00096                 call            I2C_ACK_slave_to_master ;Attendre l'ACK de l'esclave
002A   1283 1303      00097                 banksel         adr_EEPROM
002C   0823           00098                 movf            adr_EEPROM,W    ;Adresse interne de l'EEPROM    
002D   2055           00099                 call            I2C_write               ;Envoyer cette adresse pour informer l'EEPROM qu
                            'on veut ecire sur cette adresse
002E   205A           00100                 call            I2C_ACK_slave_to_master ;Attende l'ACK de l'esclave  
002F   2092           00101                 call            TABLE                   ;Aller cherchez une donnee de notre TABLE
0030   2055           00102                 call            I2C_write               ;Envoyer cette donnee a l'EEPROM
0031   205A           00103                 call            I2C_ACK_slave_to_master ;Attendre l'ACK de l'esclave
0032   207B           00104                 call            I2C_stop                ;Lancer uen condition Stop pour terminer la comm
                            unication       
0033   1283 1303      00105                 banksel         adr_EEPROM
0035   0AA3           00106                 incf            adr_EEPROM,F    ;incrementer l'adresse de l'EEPROM
Message[305]: Using default destination of 1 (file).
0036   0AA6           00107                 incf            ptr             
0037   2080           00108                 call            delay
0038   1283 1303      00109                 banksel         adr_EEPROM
003A   300D           00110                 movlw           .13
003B   0226           00111                 subwf           ptr,W
003C   1903           00112                 btfsc           STATUS,Z
003D   2824           00113                 goto            begin
003E   2826           00114                 goto infloop
                      00115 
                      00116 ;************************************************************************
                      00117 ;I2C sous-fontions
003F                  00118 I2C_idle        ;Verifie si aucune operation n'est en cours
                      00119                         ;;Utiliser avant chaque etape pour laisser le temps
                      00120                         ;;a l'etape precedente de se terminer
003F   1683 1303      00121                 banksel         SSPCON2
0041                  00122 I2C_idle_label
Message[302]: Register in operand not in bank 0.  Ensure that bank bits are correct.
0041   1A11           00123                 btfsc           SSPCON2,ACKEN   ;Si = 0 => sequence ACK termine
0042   2841           00124                 goto            I2C_idle_label  
Message[302]: Register in operand not in bank 0.  Ensure that bank bits are correct.
0043   1991           00125                 btfsc           SSPCON2,RCEN    ;Si = 0 => sequence Repeated Start termine
0044   2841           00126                 goto            I2C_idle_label
Message[302]: Register in operand not in bank 0.  Ensure that bank bits are correct.
0045   1911           00127                 btfsc           SSPCON2,PEN             ;Si = 0 => sequence Stop termine
0046   2841           00128                 goto            I2C_idle_label
Message[302]: Register in operand not in bank 0.  Ensure that bank bits are correct.
0047   1891           00129                 btfsc           SSPCON2,RSEN    ;Si = 0 => sequence Receive termine
0048   2841           00130                 goto            I2C_idle_label
Message[302]: Register in operand not in bank 0.  Ensure that bank bits are correct.
0049   1811           00131                 btfsc           SSPCON2,SEN             ;Si = 0 => sequence Start termine
004A   2841           00132                 goto            I2C_idle_label
MPASM  5.50                          MAIN.ASM   6-11-2020  21:30:43         PAGE  4


LOC  OBJECT CODE     LINE SOURCE TEXT
  VALUE

004B   1683 1303      00133                 banksel         SSPSTAT
Message[302]: Register in operand not in bank 0.  Ensure that bank bits are correct.
004D   1914           00134                 btfsc           SSPSTAT,R_W             ;Si = 0 => aucune transmission en cours
004E   2841           00135                 goto            I2C_idle_label
004F   0008           00136                 return
                      00137 ;**************
0050                  00138 I2C_start       ;Lancer une sequence Start
0050   203F           00139                 call            I2C_idle
0051   1683 1303      00140                 banksel         SSPCON2 
Message[302]: Register in operand not in bank 0.  Ensure that bank bits are correct.
0053   1411           00141                 bsf             SSPCON2,SEN
0054   0008           00142                 return
                      00143 ;**************
0055                  00144 I2C_write       ;Ecrire le contenue de W dans le bus I2C
0055   203F           00145                 call            I2C_idle
0056   1283 1303      00146                 banksel         SSPBUF
0058   0093           00147                 movwf           SSPBUF
0059   0008           00148                 return
                      00149 ;**************
005A                  00150 I2C_ACK_slave_to_master ;Attendre l'ACK de l'esclave
005A   203F           00151                 call            I2C_idle 
005B   1683 1303      00152                 banksel         SSPCON2
005D                  00153 I2C_ACK_slave_to_master_label
Message[302]: Register in operand not in bank 0.  Ensure that bank bits are correct.
005D   1B11           00154                 btfsc           SSPCON2,ACKSTAT ;I2C ACKSTAT: Acknowledge Status bit (InMaster mode only
                            )
                      00155                                                                         ;In Master Transmit mode:
                      00156                                                                          ;1 = Acknowledge was not receiv
                            ed from slave
                      00157                                                                          ;0 = Acknowledge was received f
                            rom slave
                      00158 
005E   285D           00159                 goto            I2C_ACK_slave_to_master_label
005F   0008           00160                 return
                      00161 ;**************
0060                  00162 I2C_Repeated_Start      ;Lancer une sequence Repeated Start
0060   203F           00163                 call            I2C_idle
0061   1683 1303      00164                 banksel         SSPCON2
Message[302]: Register in operand not in bank 0.  Ensure that bank bits are correct.
0063   1491           00165                 bsf             SSPCON2,RSEN
0064   0008           00166                 return
                      00167 ;**************         
0065                  00168 I2C_read                ;Lire le contenue du bus I2C est le mettre dans W
0065   203F           00169                 call            I2C_idle 
0066   1683 1303      00170                 banksel         SSPCON2
Message[302]: Register in operand not in bank 0.  Ensure that bank bits are correct.
0068   1591           00171                 bsf             SSPCON2,RCEN 
0069                  00172 I2C_read_label
Message[302]: Register in operand not in bank 0.  Ensure that bank bits are correct.
0069   1991           00173                 btfsc           SSPCON2,RCEN
006A   2869           00174                 goto            I2C_read_label
006B   1283 1303      00175                 banksel         SSPBUF
006D   0813           00176                 movf            SSPBUF,W
MPASM  5.50                          MAIN.ASM   6-11-2020  21:30:43         PAGE  5


LOC  OBJECT CODE     LINE SOURCE TEXT
  VALUE

006E   0008           00177                 return
                      00178 ;**************
006F                  00179 I2C_ACK_master_to_slave ;Lancer une sequence ACK
006F   203F           00180                 call            I2C_idle
0070   1683 1303      00181                 banksel         SSPCON2
Message[302]: Register in operand not in bank 0.  Ensure that bank bits are correct.
0072   1291           00182                 bcf             SSPCON2 , ACKDT ;ACKDT = 0 pour ACK
Message[302]: Register in operand not in bank 0.  Ensure that bank bits are correct.
0073   1611           00183                 bsf             SSPCON2 , ACKEN ;Lancer une sequence ACK
0074   0008           00184                 return
                      00185 ;**************
0075                  00186 I2C_NOACK       ;Lancer une sequence NOACK
0075   203F           00187                 call            I2C_idle
0076   1683 1303      00188                 banksel         SSPCON2
Message[302]: Register in operand not in bank 0.  Ensure that bank bits are correct.
0078   1691           00189                 bsf             SSPCON2 , ACKDT ;ACKDT = 1 pour NOACK
Message[302]: Register in operand not in bank 0.  Ensure that bank bits are correct.
0079   1611           00190                 bsf             SSPCON2 , ACKEN ;Lancer une sequence NOACK
007A   0008           00191                 return
                      00192 ;**************
007B                  00193 I2C_stop        ;Lancer une sequence Stop
007B   203F           00194                 call            I2C_idle
007C   1683 1303      00195                 banksel         SSPCON2
Message[302]: Register in operand not in bank 0.  Ensure that bank bits are correct.
007E   1511           00196                 bsf             SSPCON2,PEN
007F   0008           00197                 return
                      00198 ;**************
                      00199 ;************************************************************************
0080                  00200 delay           ;Routine de delai (1s)
0080   30FF           00201                 movlw           0xff
0081   00A0           00202                 movwf           variable1
0082   00A1           00203                 movwf           variable2
0083   3005           00204                 movlw           0x05
0084   00A2           00205                 movwf           variable3
0085                  00206 b1
Message[305]: Using default destination of 1 (file).
0085   0BA0           00207                 decfsz          variable1
0086   2885           00208                 goto            b1
0087   30FF           00209                 movlw           0xff
0088   00A0           00210                 movwf           variable1
Message[305]: Using default destination of 1 (file).
0089   0BA1           00211                 decfsz          variable2
008A   2885           00212                 goto            b1
008B   30FF           00213                 movlw           0xff
008C   00A1           00214                 movwf           variable2
Message[305]: Using default destination of 1 (file).
008D   0BA2           00215                 decfsz          variable3
008E   2885           00216                 goto            b1
008F   3005           00217                 movlw           0x05
0090   00A2           00218                 movwf           variable3
0091   0008           00219                 return
                      00220 ;************************************************************************       
0092                  00221 TABLE
MPASM  5.50                          MAIN.ASM   6-11-2020  21:30:43         PAGE  6


LOC  OBJECT CODE     LINE SOURCE TEXT
  VALUE

0092   1283 1303      00222                 banksel         ptr
0094   0826           00223                 movf            ptr,W
Message[305]: Using default destination of 1 (file).
0095   0782           00224                 addwf           PCL
0096   344D 346F 3468 00225 char    dt              "Mohamed-Fares" ;c'est l'equivalent de: RELTW "M"
       3461 346D 3465 
       3464 342D 3446 
       3461 3472 3465 
       3473 
                      00226                                                                 ;                                       
                                    RETLW "o"       
                      00227                                                                 ;                                       
                                    RETLW "h"
                      00228                                                                 ;                                       
                                    RETLW "a"
                      00229                                                                 ;                                       
                                    RETLW "m"
                      00230                                                                 ;                                       
                                            .
                      00231                                                                 ;                                       
                                            .
                      00232                                                                 ;                                       
                                            .
                      00233                                                                 ;                                       
                                       etc
                      00234 ;************************************************************************
                      00235                 end                       
MPASM  5.50                          MAIN.ASM   6-11-2020  21:30:43         PAGE  7


SYMBOL TABLE
  LABEL                             VALUE 

ACKDT                             00000005
ACKEN                             00000004
ACKSTAT                           00000006
ADCON0                            0000001F
ADCON1                            0000009F
ADCS0                             00000006
ADCS1                             00000007
ADDEN                             00000003
ADFM                              00000007
ADIE                              00000006
ADIF                              00000006
ADON                              00000000
ADRESH                            0000001E
ADRESL                            0000009E
BCLIE                             00000003
BCLIF                             00000003
BF                                00000000
BRGH                              00000002
C                                 00000000
CCP1CON                           00000017
CCP1IE                            00000002
CCP1IF                            00000002
CCP1M0                            00000000
CCP1M1                            00000001
CCP1M2                            00000002
CCP1M3                            00000003
CCP1X                             00000005
CCP1Y                             00000004
CCP2CON                           0000001D
CCP2IE                            00000000
CCP2IF                            00000000
CCP2M0                            00000000
CCP2M1                            00000001
CCP2M2                            00000002
CCP2M3                            00000003
CCP2X                             00000005
CCP2Y                             00000004
CCPR1                             00000015
CCPR1H                            00000016
CCPR1L                            00000015
CCPR2                             0000001B
CCPR2H                            0000001C
CCPR2L                            0000001B
CHS0                              00000003
CHS1                              00000004
CHS2                              00000005
CKE                               00000006
CKP                               00000004
CREN                              00000004
CSRC                              00000007
D                                 00000005
DATA_ADDRESS                      00000005
DC                                00000001
MPASM  5.50                          MAIN.ASM   6-11-2020  21:30:43         PAGE  8


SYMBOL TABLE
  LABEL                             VALUE 

D_A                               00000005
D_NOT_A                           00000005
EEADR                             0000010D
EEADRH                            0000010F
EECON1                            0000018C
EECON2                            0000018D
EEDATA                            0000010C
EEDATH                            0000010E
EEIE                              00000004
EEIF                              00000004
EEPGD                             00000007
F                                 00000001
FERR                              00000002
FSR                               00000004
GCEN                              00000007
GIE                               00000007
GO                                00000002
GO_DONE                           00000002
GO_NOT_DONE                       00000002
I2C_ACK_master_to_slave           0000006F
I2C_ACK_slave_to_master           0000005A
I2C_ACK_slave_to_master_label     0000005D
I2C_DATA                          00000005
I2C_NOACK                         00000075
I2C_READ                          00000002
I2C_Repeated_Start                00000060
I2C_START                         00000003
I2C_STOP                          00000004
I2C_idle                          0000003F
I2C_idle_label                    00000041
I2C_read                          00000065
I2C_read_label                    00000069
I2C_start                         00000050
I2C_stop                          0000007B
I2C_write                         00000055
IBF                               00000007
IBOV                              00000005
INDF                              00000000
INTCON                            0000000B
INTE                              00000004
INTEDG                            00000006
INTF                              00000001
IRP                               00000007
NOT_A                             00000005
NOT_ADDRESS                       00000005
NOT_BO                            00000000
NOT_BOR                           00000000
NOT_DONE                          00000002
NOT_PD                            00000003
NOT_POR                           00000001
NOT_RBPU                          00000007
NOT_RC8                           00000006
NOT_T1SYNC                        00000002
MPASM  5.50                          MAIN.ASM   6-11-2020  21:30:43         PAGE  9


SYMBOL TABLE
  LABEL                             VALUE 

NOT_TO                            00000004
NOT_TX8                           00000006
NOT_W                             00000002
NOT_WRITE                         00000002
OBF                               00000006
OERR                              00000001
OPTION_REG                        00000081
P                                 00000004
PCFG0                             00000000
PCFG1                             00000001
PCFG2                             00000002
PCFG3                             00000003
PCL                               00000002
PCLATH                            0000000A
PCON                              0000008E
PEIE                              00000006
PEN                               00000002
PIE1                              0000008C
PIE2                              0000008D
PIR1                              0000000C
PIR2                              0000000D
PORTA                             00000005
PORTB                             00000006
PORTC                             00000007
PORTD                             00000008
PORTE                             00000009
PR2                               00000092
PS0                               00000000
PS1                               00000001
PS2                               00000002
PSA                               00000003
PSPIE                             00000007
PSPIF                             00000007
PSPMODE                           00000004
R                                 00000002
RA0                               00000000
RA1                               00000001
RA2                               00000002
RA3                               00000003
RA4                               00000004
RA5                               00000005
RB0                               00000000
RB1                               00000001
RB2                               00000002
RB3                               00000003
RB4                               00000004
RB5                               00000005
RB6                               00000006
RB7                               00000007
RBIE                              00000003
RBIF                              00000000
RC0                               00000000
RC1                               00000001
MPASM  5.50                          MAIN.ASM   6-11-2020  21:30:43         PAGE 10


SYMBOL TABLE
  LABEL                             VALUE 

RC2                               00000002
RC3                               00000003
RC4                               00000004
RC5                               00000005
RC6                               00000006
RC7                               00000007
RC8_9                             00000006
RC9                               00000006
RCD8                              00000000
RCEN                              00000003
RCIE                              00000005
RCIF                              00000005
RCREG                             0000001A
RCSTA                             00000018
RD                                00000000
RD0                               00000000
RD1                               00000001
RD2                               00000002
RD3                               00000003
RD4                               00000004
RD5                               00000005
RD6                               00000006
RD7                               00000007
RE0                               00000000
RE1                               00000001
RE2                               00000002
READ_WRITE                        00000002
RP0                               00000005
RP1                               00000006
RSEN                              00000001
RX9                               00000006
RX9D                              00000000
R_NOT_W                           00000002
R_W                               00000002
S                                 00000003
SEN                               00000000
SMP                               00000007
SPBRG                             00000099
SPEN                              00000007
SREN                              00000005
SSPADD                            00000093
SSPBUF                            00000013
SSPCON                            00000014
SSPCON2                           00000091
SSPEN                             00000005
SSPIE                             00000003
SSPIF                             00000003
SSPM0                             00000000
SSPM1                             00000001
SSPM2                             00000002
SSPM3                             00000003
SSPOV                             00000006
SSPSTAT                           00000094
MPASM  5.50                          MAIN.ASM   6-11-2020  21:30:43         PAGE 11


SYMBOL TABLE
  LABEL                             VALUE 

STATUS                            00000003
SYNC                              00000004
T0CS                              00000005
T0IE                              00000005
T0IF                              00000002
T0SE                              00000004
T1CKPS0                           00000004
T1CKPS1                           00000005
T1CON                             00000010
T1INSYNC                          00000002
T1OSCEN                           00000003
T1SYNC                            00000002
T2CKPS0                           00000000
T2CKPS1                           00000001
T2CON                             00000012
TABLE                             00000092
TMR0                              00000001
TMR0IE                            00000005
TMR0IF                            00000002
TMR1                              0000000E
TMR1CS                            00000001
TMR1H                             0000000F
TMR1IE                            00000000
TMR1IF                            00000000
TMR1L                             0000000E
TMR1ON                            00000000
TMR2                              00000011
TMR2IE                            00000001
TMR2IF                            00000001
TMR2ON                            00000002
TOUTPS0                           00000003
TOUTPS1                           00000004
TOUTPS2                           00000005
TOUTPS3                           00000006
TRISA                             00000085
TRISA0                            00000000
TRISA1                            00000001
TRISA2                            00000002
TRISA3                            00000003
TRISA4                            00000004
TRISA5                            00000005
TRISB                             00000086
TRISB0                            00000000
TRISB1                            00000001
TRISB2                            00000002
TRISB3                            00000003
TRISB4                            00000004
TRISB5                            00000005
TRISB6                            00000006
TRISB7                            00000007
TRISC                             00000087
TRISC0                            00000000
TRISC1                            00000001
MPASM  5.50                          MAIN.ASM   6-11-2020  21:30:43         PAGE 12


SYMBOL TABLE
  LABEL                             VALUE 

TRISC2                            00000002
TRISC3                            00000003
TRISC4                            00000004
TRISC5                            00000005
TRISC6                            00000006
TRISC7                            00000007
TRISD                             00000088
TRISD0                            00000000
TRISD1                            00000001
TRISD2                            00000002
TRISD3                            00000003
TRISD4                            00000004
TRISD5                            00000005
TRISD6                            00000006
TRISD7                            00000007
TRISE                             00000089
TRISE0                            00000000
TRISE1                            00000001
TRISE2                            00000002
TRMT                              00000001
TX8_9                             00000006
TX9                               00000006
TX9D                              00000000
TXD8                              00000000
TXEN                              00000005
TXIE                              00000004
TXIF                              00000004
TXREG                             00000019
TXSTA                             00000098
UA                                00000001
W                                 00000000
WCOL                              00000007
WR                                00000001
WREN                              00000002
WRERR                             00000003
Z                                 00000002
_BODEN_OFF                        00003FBF
_BODEN_ON                         00003FFF
_BOREN_OFF                        00003FBF
_BOREN_ON                         00003FFF
_CONFIG                           00002007
_CPD_OFF                          00003FFF
_CPD_ON                           00003EFF
_CP_ALL                           00000FCF
_CP_HALF                          00001FDF
_CP_OFF                           00003FFF
_CP_UPPER_256                     00002FEF
_DEBUG_OFF                        00003FFF
_DEBUG_ON                         000037FF
_DEVID1                           00002006
_FOSC_EXTRC                       00003FFF
_FOSC_HS                          00003FFE
_FOSC_LP                          00003FFC
MPASM  5.50                          MAIN.ASM   6-11-2020  21:30:43         PAGE 13


SYMBOL TABLE
  LABEL                             VALUE 

_FOSC_XT                          00003FFD
_HS_OSC                           00003FFE
_IDLOC0                           00002000
_IDLOC1                           00002001
_IDLOC2                           00002002
_IDLOC3                           00002003
_LP_OSC                           00003FFC
_LVP_OFF                          00003F7F
_LVP_ON                           00003FFF
_PWRTE_OFF                        00003FFF
_PWRTE_ON                         00003FF7
_RC_OSC                           00003FFF
_WDTE_OFF                         00003FFB
_WDTE_ON                          00003FFF
_WDT_OFF                          00003FFB
_WDT_ON                           00003FFF
_WRT_ENABLE_OFF                   00003DFF
_WRT_ENABLE_ON                    00003FFF
_WRT_OFF                          00003DFF
_WRT_ON                           00003FFF
_XT_OSC                           00003FFD
__16F877                          00000001
__DEBUG                           1
adr_EEPROM                        00000023
b1                                00000085
begin                             00000024
char                              00000096
delay                             00000080
infloop                           00000026
main                              0000000C
ptr                               00000026
status_temp                       00000025
variable1                         00000020
variable2                         00000021
variable3                         00000022
w_temp                            00000024


MEMORY USAGE MAP ('X' = Used,  '-' = Unused)

0000 : X---XXXXXXXXXXXX XXXXXXXXXXXXXXXX XXXXXXXXXXXXXXXX XXXXXXXXXXXXXXXX
0040 : XXXXXXXXXXXXXXXX XXXXXXXXXXXXXXXX XXXXXXXXXXXXXXXX XXXXXXXXXXXXXXXX
0080 : XXXXXXXXXXXXXXXX XXXXXXXXXXXXXXXX XXX------------- ----------------
2000 : -------X-------- ---------------- ---------------- ----------------

All other memory blocks unused.

Program Memory Words Used:   160
Program Memory Words Free:  8032


MPASM  5.50                          MAIN.ASM   6-11-2020  21:30:43         PAGE 14





Errors   :     0
Warnings :     0 reported,     0 suppressed
Messages :    25 reported,     0 suppressed

