MPASM  5.50                          MAIN.ASM   4-27-2020  5:48:45         PAGE  1


LOC  OBJECT CODE     LINE SOURCE TEXT
  VALUE

                      00001 ;**********************************************************************
                      00002 ;                                                                     *
                      00003 ;    Filename:      Interruption.asm                                  *
                      00004 ;    Date:          27/04/2020                                        *
                      00005 ;                                                                     *
                      00006 ;    Author:            KHADRAOUI Ibrahim                                 *
                      00007 ;    Company:           USTHB FEI                                         *
                      00008 ;                                                                     * 
                      00009 ;                                                                     *
                      00010 ;**********************************************************************
                      00011 ;**********************************************************************
                      00012 ;                                                                     *
                      00013 ;    Notes: Clingote une led lors d'un appui sur le bouton-pussoir    *
                      00014 ;                       branché sur la pin RB0 en utilisant l'interruption                * 
                      00015 ;                                                               RB0/INT                                 
                                                      *
                      00016 ;                                                                     *
                      00017 ;**********************************************************************
                      00018 
                      00019         list      p=16f877            
                      00020         #include <p16f877.inc>        
                      00001         LIST
                      00002 
                      00003 ;==========================================================================
                      00004 ;  MPASM PIC16F877 processor include
                      00005 ; 
                      00006 ;  (c) Copyright 1999-2013 Microchip Technology, All rights reserved
                      00007 ;==========================================================================
                      00008 
                      00540         LIST
                      00021         
2007   3D3A           00022         __CONFIG _CP_OFF & _WDT_OFF & _BODEN_OFF & _PWRTE_OFF & _HS_OSC & _WRT_ENABLE_OFF & _LVP_OFF & _
                            DEBUG_OFF & _CPD_OFF 
                      00023 
                      00024 
                      00025 ;***** VARIABLE DEFINITIONS
  0000007E            00026 w_temp          equ     0x7E        ; variable used for context saving 
  0000007F            00027 status_temp     equ     0x7F        ; variable used for context saving
  00000020            00028 variable1               equ     0x20
  00000021            00029 variable2               equ     0x21
  00000022            00030 variable3               equ     0x22
                      00031 
                      00032 ;**********************************************************************
0000                  00033                 ORG     0x000             ; processor reset vector
0000   2812           00034                 goto    main              ; go to beginning of program
                      00035                 
                      00036 ;**********************************************************************
                      00037 ;**********************************************************************
0004                  00038                 ORG     0x004             ; interrupt vector location
0004   00FE           00039                 movwf   w_temp            ; save off current W register contents
0005   0803           00040                 movf    STATUS,w          ; move status register into W register
0006   00FF           00041                 movwf   status_temp       ; save off contents of STATUS register
                      00042 ;****************
MPASM  5.50                          MAIN.ASM   4-27-2020  5:48:45         PAGE  2


LOC  OBJECT CODE     LINE SOURCE TEXT
  VALUE

0007   1A0B           00043                 btfsc   INTCON,INTE               ; test si l'interruption est active
0008   1C8B           00044                 btfss   INTCON,INTF               ; test le flag d'interruption
0009   280C           00045                 goto    restauration      ; si le flag est a 0 ne pas appeler la sous-fonction d'interru
                            ption
000A   2023           00046                 call    isr                               ; sous-fonction d'interruption isr (interrupt 
                            sub routine)
000B   108B           00047                 bcf             INTCON,INTF               ; effacement du flag de l'interruption RB0/INT
                      00048 ;****************
000C                  00049 restauration
000C   087F           00050                 movf    status_temp,w     ; retrieve copy of STATUS register
000D   0083           00051                 movwf   STATUS            ; restore pre-isr STATUS register contents
000E   0EFE           00052                 swapf   w_temp,f
000F   0E7E           00053                 swapf   w_temp,w          ; restore pre-isr W register contents
0010   108B           00054                 bcf     INTCON,INTF
0011   0009           00055                 retfie                    ; return from interrupt
                      00056 
                      00057 
                      00058 
0012                  00059 main
                      00060                 ;Config (PORTB=>Input / PORTC=>Output)
0012   1683 1303      00061                 banksel  TRISB
0014   30FF           00062                 movlw    0xff
Message[302]: Register in operand not in bank 0.  Ensure that bank bits are correct.
0015   0086           00063                 movwf    TRISB
Message[302]: Register in operand not in bank 0.  Ensure that bank bits are correct.
0016   0187           00064                 clrf     TRISC
0017   1283 1303      00065                 banksel  PORTC
0019   0187           00066                 clrf     PORTC
                      00067                 ;Config interruption (RB0/INT) sur front descendant
001A   1683 1303      00068                 banksel  OPTION_REG
Message[302]: Register in operand not in bank 0.  Ensure that bank bits are correct.
001C   1301           00069                 bcf              OPTION_REG,INTEDG        ; selection sur front descendant
Message[302]: Register in operand not in bank 0.  Ensure that bank bits are correct.
001D   1381           00070                 bcf              OPTION_REG,NOT_RBPU  ; activation resistances pull-up PORTB
001E   1283 1303      00071                 banksel  INTCON
0020   178B           00072                 bsf              INTCON,GIE                       ; activation global des interruptions
0021   160B           00073                 bsf              INTCON,INTE              ; activation de l'interruption RB0/INT
0022                  00074 infloop
                      00075                 ; Boucle infinie vide on clignote la led 
                      00076                 ; juste avec la fonction d'interruption
0022   2822           00077         goto infloop
                      00078 
                      00079 
                      00080 ;************************************************************************
0023                  00081 isr
0023   1283 1303      00082         banksel         PORTC
0025   1407           00083         bsf                     PORTC,RC0
0026   202A           00084         call            delay
0027   1007           00085         bcf                     PORTC,RC0
0028   202A           00086         call            delay
0029   0008           00087         return
                      00088 
                      00089 
MPASM  5.50                          MAIN.ASM   4-27-2020  5:48:45         PAGE  3


LOC  OBJECT CODE     LINE SOURCE TEXT
  VALUE

                      00090 ;************************
002A                  00091 delay
002A   30FF           00092         movlw 0xff
002B   00A0           00093         movwf variable1
002C   00A1           00094         movwf variable2
002D   3005           00095         movlw 0x05
002E   00A2           00096         movwf variable3
002F                  00097 b1
Message[305]: Using default destination of 1 (file).
002F   0BA0           00098         decfsz variable1
0030   282F           00099         goto b1
0031   30FF           00100         movlw 0xff
0032   00A0           00101         movwf variable1
Message[305]: Using default destination of 1 (file).
0033   0BA1           00102         decfsz variable2
0034   282F           00103         goto b1
0035   30FF           00104         movlw 0xff
0036   00A1           00105         movwf variable2
Message[305]: Using default destination of 1 (file).
0037   0BA2           00106         decfsz variable3
0038   282F           00107         goto b1
0039   3005           00108         movlw 0x05
003A   00A2           00109         movwf variable3
003B   0008           00110         return
                      00111 ;************************************************************************
                      00112 
                      00113                 end                       
MPASM  5.50                          MAIN.ASM   4-27-2020  5:48:45         PAGE  4


SYMBOL TABLE
  LABEL                             VALUE 

ACKDT                             00000005
ACKEN                             00000004
ACKSTAT                           00000006
ADCON0                            0000001F
ADCON1                            0000009F
ADCS0                             00000006
ADCS1                             00000007
ADDEN                             00000003
ADFM                              00000007
ADIE                              00000006
ADIF                              00000006
ADON                              00000000
ADRESH                            0000001E
ADRESL                            0000009E
BCLIE                             00000003
BCLIF                             00000003
BF                                00000000
BRGH                              00000002
C                                 00000000
CCP1CON                           00000017
CCP1IE                            00000002
CCP1IF                            00000002
CCP1M0                            00000000
CCP1M1                            00000001
CCP1M2                            00000002
CCP1M3                            00000003
CCP1X                             00000005
CCP1Y                             00000004
CCP2CON                           0000001D
CCP2IE                            00000000
CCP2IF                            00000000
CCP2M0                            00000000
CCP2M1                            00000001
CCP2M2                            00000002
CCP2M3                            00000003
CCP2X                             00000005
CCP2Y                             00000004
CCPR1                             00000015
CCPR1H                            00000016
CCPR1L                            00000015
CCPR2                             0000001B
CCPR2H                            0000001C
CCPR2L                            0000001B
CHS0                              00000003
CHS1                              00000004
CHS2                              00000005
CKE                               00000006
CKP                               00000004
CREN                              00000004
CSRC                              00000007
D                                 00000005
DATA_ADDRESS                      00000005
DC                                00000001
MPASM  5.50                          MAIN.ASM   4-27-2020  5:48:45         PAGE  5


SYMBOL TABLE
  LABEL                             VALUE 

D_A                               00000005
D_NOT_A                           00000005
EEADR                             0000010D
EEADRH                            0000010F
EECON1                            0000018C
EECON2                            0000018D
EEDATA                            0000010C
EEDATH                            0000010E
EEIE                              00000004
EEIF                              00000004
EEPGD                             00000007
F                                 00000001
FERR                              00000002
FSR                               00000004
GCEN                              00000007
GIE                               00000007
GO                                00000002
GO_DONE                           00000002
GO_NOT_DONE                       00000002
I2C_DATA                          00000005
I2C_READ                          00000002
I2C_START                         00000003
I2C_STOP                          00000004
IBF                               00000007
IBOV                              00000005
INDF                              00000000
INTCON                            0000000B
INTE                              00000004
INTEDG                            00000006
INTF                              00000001
IRP                               00000007
NOT_A                             00000005
NOT_ADDRESS                       00000005
NOT_BO                            00000000
NOT_BOR                           00000000
NOT_DONE                          00000002
NOT_PD                            00000003
NOT_POR                           00000001
NOT_RBPU                          00000007
NOT_RC8                           00000006
NOT_T1SYNC                        00000002
NOT_TO                            00000004
NOT_TX8                           00000006
NOT_W                             00000002
NOT_WRITE                         00000002
OBF                               00000006
OERR                              00000001
OPTION_REG                        00000081
P                                 00000004
PCFG0                             00000000
PCFG1                             00000001
PCFG2                             00000002
PCFG3                             00000003
MPASM  5.50                          MAIN.ASM   4-27-2020  5:48:45         PAGE  6


SYMBOL TABLE
  LABEL                             VALUE 

PCL                               00000002
PCLATH                            0000000A
PCON                              0000008E
PEIE                              00000006
PEN                               00000002
PIE1                              0000008C
PIE2                              0000008D
PIR1                              0000000C
PIR2                              0000000D
PORTA                             00000005
PORTB                             00000006
PORTC                             00000007
PORTD                             00000008
PORTE                             00000009
PR2                               00000092
PS0                               00000000
PS1                               00000001
PS2                               00000002
PSA                               00000003
PSPIE                             00000007
PSPIF                             00000007
PSPMODE                           00000004
R                                 00000002
RA0                               00000000
RA1                               00000001
RA2                               00000002
RA3                               00000003
RA4                               00000004
RA5                               00000005
RB0                               00000000
RB1                               00000001
RB2                               00000002
RB3                               00000003
RB4                               00000004
RB5                               00000005
RB6                               00000006
RB7                               00000007
RBIE                              00000003
RBIF                              00000000
RC0                               00000000
RC1                               00000001
RC2                               00000002
RC3                               00000003
RC4                               00000004
RC5                               00000005
RC6                               00000006
RC7                               00000007
RC8_9                             00000006
RC9                               00000006
RCD8                              00000000
RCEN                              00000003
RCIE                              00000005
RCIF                              00000005
MPASM  5.50                          MAIN.ASM   4-27-2020  5:48:45         PAGE  7


SYMBOL TABLE
  LABEL                             VALUE 

RCREG                             0000001A
RCSTA                             00000018
RD                                00000000
RD0                               00000000
RD1                               00000001
RD2                               00000002
RD3                               00000003
RD4                               00000004
RD5                               00000005
RD6                               00000006
RD7                               00000007
RE0                               00000000
RE1                               00000001
RE2                               00000002
READ_WRITE                        00000002
RP0                               00000005
RP1                               00000006
RSEN                              00000001
RX9                               00000006
RX9D                              00000000
R_NOT_W                           00000002
R_W                               00000002
S                                 00000003
SEN                               00000000
SMP                               00000007
SPBRG                             00000099
SPEN                              00000007
SREN                              00000005
SSPADD                            00000093
SSPBUF                            00000013
SSPCON                            00000014
SSPCON2                           00000091
SSPEN                             00000005
SSPIE                             00000003
SSPIF                             00000003
SSPM0                             00000000
SSPM1                             00000001
SSPM2                             00000002
SSPM3                             00000003
SSPOV                             00000006
SSPSTAT                           00000094
STATUS                            00000003
SYNC                              00000004
T0CS                              00000005
T0IE                              00000005
T0IF                              00000002
T0SE                              00000004
T1CKPS0                           00000004
T1CKPS1                           00000005
T1CON                             00000010
T1INSYNC                          00000002
T1OSCEN                           00000003
T1SYNC                            00000002
MPASM  5.50                          MAIN.ASM   4-27-2020  5:48:45         PAGE  8


SYMBOL TABLE
  LABEL                             VALUE 

T2CKPS0                           00000000
T2CKPS1                           00000001
T2CON                             00000012
TMR0                              00000001
TMR0IE                            00000005
TMR0IF                            00000002
TMR1                              0000000E
TMR1CS                            00000001
TMR1H                             0000000F
TMR1IE                            00000000
TMR1IF                            00000000
TMR1L                             0000000E
TMR1ON                            00000000
TMR2                              00000011
TMR2IE                            00000001
TMR2IF                            00000001
TMR2ON                            00000002
TOUTPS0                           00000003
TOUTPS1                           00000004
TOUTPS2                           00000005
TOUTPS3                           00000006
TRISA                             00000085
TRISA0                            00000000
TRISA1                            00000001
TRISA2                            00000002
TRISA3                            00000003
TRISA4                            00000004
TRISA5                            00000005
TRISB                             00000086
TRISB0                            00000000
TRISB1                            00000001
TRISB2                            00000002
TRISB3                            00000003
TRISB4                            00000004
TRISB5                            00000005
TRISB6                            00000006
TRISB7                            00000007
TRISC                             00000087
TRISC0                            00000000
TRISC1                            00000001
TRISC2                            00000002
TRISC3                            00000003
TRISC4                            00000004
TRISC5                            00000005
TRISC6                            00000006
TRISC7                            00000007
TRISD                             00000088
TRISD0                            00000000
TRISD1                            00000001
TRISD2                            00000002
TRISD3                            00000003
TRISD4                            00000004
TRISD5                            00000005
MPASM  5.50                          MAIN.ASM   4-27-2020  5:48:45         PAGE  9


SYMBOL TABLE
  LABEL                             VALUE 

TRISD6                            00000006
TRISD7                            00000007
TRISE                             00000089
TRISE0                            00000000
TRISE1                            00000001
TRISE2                            00000002
TRMT                              00000001
TX8_9                             00000006
TX9                               00000006
TX9D                              00000000
TXD8                              00000000
TXEN                              00000005
TXIE                              00000004
TXIF                              00000004
TXREG                             00000019
TXSTA                             00000098
UA                                00000001
W                                 00000000
WCOL                              00000007
WR                                00000001
WREN                              00000002
WRERR                             00000003
Z                                 00000002
_BODEN_OFF                        00003FBF
_BODEN_ON                         00003FFF
_BOREN_OFF                        00003FBF
_BOREN_ON                         00003FFF
_CONFIG                           00002007
_CPD_OFF                          00003FFF
_CPD_ON                           00003EFF
_CP_ALL                           00000FCF
_CP_HALF                          00001FDF
_CP_OFF                           00003FFF
_CP_UPPER_256                     00002FEF
_DEBUG_OFF                        00003FFF
_DEBUG_ON                         000037FF
_DEVID1                           00002006
_FOSC_EXTRC                       00003FFF
_FOSC_HS                          00003FFE
_FOSC_LP                          00003FFC
_FOSC_XT                          00003FFD
_HS_OSC                           00003FFE
_IDLOC0                           00002000
_IDLOC1                           00002001
_IDLOC2                           00002002
_IDLOC3                           00002003
_LP_OSC                           00003FFC
_LVP_OFF                          00003F7F
_LVP_ON                           00003FFF
_PWRTE_OFF                        00003FFF
_PWRTE_ON                         00003FF7
_RC_OSC                           00003FFF
_WDTE_OFF                         00003FFB
MPASM  5.50                          MAIN.ASM   4-27-2020  5:48:45         PAGE 10


SYMBOL TABLE
  LABEL                             VALUE 

_WDTE_ON                          00003FFF
_WDT_OFF                          00003FFB
_WDT_ON                           00003FFF
_WRT_ENABLE_OFF                   00003DFF
_WRT_ENABLE_ON                    00003FFF
_WRT_OFF                          00003DFF
_WRT_ON                           00003FFF
_XT_OSC                           00003FFD
__16F877                          00000001
__DEBUG                           1
b1                                0000002F
delay                             0000002A
infloop                           00000022
isr                               00000023
main                              00000012
restauration                      0000000C
status_temp                       0000007F
variable1                         00000020
variable2                         00000021
variable3                         00000022
w_temp                            0000007E


MEMORY USAGE MAP ('X' = Used,  '-' = Unused)

0000 : X---XXXXXXXXXXXX XXXXXXXXXXXXXXXX XXXXXXXXXXXXXXXX XXXXXXXXXXXX----
2000 : -------X-------- ---------------- ---------------- ----------------

All other memory blocks unused.

Program Memory Words Used:    57
Program Memory Words Free:  8135


Errors   :     0
Warnings :     0 reported,     0 suppressed
Messages :     7 reported,     0 suppressed

