MPASM  5.50                         TUTO2.ASM   4-24-2020  10:16:42         PAGE  1


LOC  OBJECT CODE     LINE SOURCE TEXT
  VALUE

                      00001 ;**********************************************************************
                      00002 ;                                                                     *
                      00003 ;    Filename:      Tuto2.asm                                             *
                      00004 ;    Date:          24/04/2020                                        *
                      00005 ;                                                                     *
                      00006 ;    Author:            KHADRAOUI Ibrahim                                 *
                      00007 ;    Company:           USTHB FEI                                         *
                      00008 ;                                                                     * 
                      00009 ;                                                                     *
                      00010 ;**********************************************************************
                      00011 ;**********************************************************************
                      00012 ;                                                                     *
                      00013 ;    Notes:                                                           *
                      00014 ;                                                                     *
                      00015 ;**********************************************************************
                      00016         list      r=dec
                      00017         list      p=16f877            
                      00018         #include <p16f877.inc>        
                      00001         LIST
                      00002 
                      00003 ;==========================================================================
                      00004 ;  MPASM PIC16F877 processor include
                      00005 ; 
                      00006 ;  (c) Copyright 1999-2013 Microchip Technology, All rights reserved
                      00007 ;==========================================================================
                      00008 
                      00540         LIST
                      00019         
2007   3D3A           00020         __CONFIG _CP_OFF & _WDT_OFF & _BODEN_OFF & _PWRTE_OFF & _HS_OSC & _WRT_ENABLE_OFF & _LVP_OFF & _
                            DEBUG_OFF & _CPD_OFF 
                      00021 
                      00022 ;***** DEFINITIONS
                      00023         #define         Button1         PORTA,RA0
                      00024         #define         Button2         PORTA,RA1
                      00025         #define         Button3         PORTB,RB0
                      00026         #define         LED1            PORTC,RC0
                      00027         #define         LED2            PORTC,RC1
                      00028         #define         LED3            PORTC,RC2
                      00029 
                      00030 ;***** MACRO DEFINITIONS
                      00031 
                      00032         
                      00033 ;***** VARIABLE DEFINITIONS
  0000007E            00034 w_temp          equ     0x7E        ; variable used for context saving 
  0000007F            00035 status_temp     equ     0x7F        ; variable used for context saving
  00000020            00036 variable1               equ     0x20
  00000021            00037 variable2               equ     0x21
  00000022            00038 variable3               equ     0x22
                      00039 
                      00040 
                      00041 ;**********************************************************************
0000                  00042                 ORG     0x000             ; processor reset vector
0000   280D           00043                 goto    main              ; go to beginning of program
MPASM  5.50                         TUTO2.ASM   4-24-2020  10:16:42         PAGE  2


LOC  OBJECT CODE     LINE SOURCE TEXT
  VALUE

                      00044                 
                      00045 ;**********************************************************************
                      00046 ;**********************************************************************
0004                  00047                 ORG     0x004             ; interrupt vector location
0004   00FE           00048                 movwf   w_temp            ; save off current W register contents
0005   0803           00049                 movf    STATUS,w          ; move status register into W register
0006   00FF           00050                 movwf   status_temp       ; save off contents of STATUS register
                      00051 ;****************
                      00052 
                      00053 ;****************
0007   087F           00054                 movf    status_temp,w     ; retrieve copy of STATUS register
0008   0083           00055                 movwf   STATUS            ; restore pre-isr STATUS register contents
0009   0EFE           00056                 swapf   w_temp,f
000A   0E7E           00057                 swapf   w_temp,w          ; restore pre-isr W register contents
000B   108B           00058                 bcf     INTCON,INTF
000C   0009           00059                 retfie                    ; return from interrupt
                      00060 ;**********************************************************************
                      00061 ;**********************************************************************
                      00062 
000D                  00063 main
                      00064         ;Config (PORTA Input, PORTB Input, PORTC Output)
000D   1683 1303      00065         banksel         ADCON1
000F   3006           00066         MOVLW 0x06                                      ; Configure all pins(PORTA)
Message[302]: Register in operand not in bank 0.  Ensure that bank bits are correct.
0010   009F           00067         MOVWF ADCON1                            ; as digital inputs
0011   1683 1303      00068         banksel         OPTION_REG              ;directive pour changer de bank
Message[302]: Register in operand not in bank 0.  Ensure that bank bits are correct.
0013   1381           00069         BCF                     OPTION_REG,7    ;activer pull-up PORTB
0014   301F           00070         movlw           0x1F
Message[302]: Register in operand not in bank 0.  Ensure that bank bits are correct.
0015   0085           00071         movwf           TRISA
0016   30FF           00072         movlw           0xFF
Message[302]: Register in operand not in bank 0.  Ensure that bank bits are correct.
0017   0086           00073         movwf           TRISB
Message[302]: Register in operand not in bank 0.  Ensure that bank bits are correct.
0018   0187           00074         clrf            TRISC
                      00075         
0019   1283 1303      00076         banksel         PORTC
001B   0187           00077         clrf            PORTC
                      00078 
001C                  00079 infloop
                      00080         
001C   1C05           00081         btfss           Button1
001D   2035           00082         call            Toggle_LED1             
                      00083         
001E   1885           00084         btfsc           Button2
001F   203B           00085         call            Toggle_LED2
                      00086         
0020   1C06           00087         btfss           Button3
0021   2041           00088         call            Toggle_LED3
                      00089         
0022   281C           00090         goto infloop
                      00091 
MPASM  5.50                         TUTO2.ASM   4-24-2020  10:16:42         PAGE  3


LOC  OBJECT CODE     LINE SOURCE TEXT
  VALUE

                      00092 ;************************************************************************
0023                  00093 delay
0023   30FF           00094         movlw 0xFF
0024   00A0           00095         movwf variable1
0025   00A1           00096         movwf variable2
0026   3004           00097         movlw 0x04
0027   00A2           00098         movwf variable3
0028                  00099 b1
Message[305]: Using default destination of 1 (file).
0028   0BA0           00100         decfsz variable1
0029   2828           00101         goto b1
002A   30FF           00102         movlw 0xFF
002B   00A0           00103         movwf variable1
Message[305]: Using default destination of 1 (file).
002C   0BA1           00104         decfsz variable2
002D   2828           00105         goto b1
002E   30FF           00106         movlw 0xFF
002F   00A1           00107         movwf variable2
Message[305]: Using default destination of 1 (file).
0030   0BA2           00108         decfsz variable3
0031   2828           00109         goto b1
0032   3004           00110         movlw 0x04
0033   00A2           00111         movwf variable3 
0034   0008           00112         return
                      00113 ;************************************************************************
0035                  00114 Toggle_LED1
0035   1283 1303      00115         banksel         PORTC
0037   3001           00116         movlw           0x01
0038   0687           00117         xorwf           PORTC,F
0039   2023           00118         call            delay
003A   0008           00119         return
                      00120         
003B                  00121 Toggle_LED2
003B   1283 1303      00122         banksel         PORTC
003D   3002           00123         movlw           0x02
003E   0687           00124         xorwf           PORTC,F
003F   2023           00125         call            delay
0040   0008           00126         return
                      00127         
0041                  00128 Toggle_LED3
0041   1283 1303      00129         banksel         PORTC
0043   3004           00130         movlw           0x04
0044   0687           00131         xorwf           PORTC,F
0045   2023           00132         call            delay
0046   0008           00133         return
                      00134 ;************************************************************************
                      00135 
                      00136                 END                       
MPASM  5.50                         TUTO2.ASM   4-24-2020  10:16:42         PAGE  4


SYMBOL TABLE
  LABEL                             VALUE 

ACKDT                             00000005
ACKEN                             00000004
ACKSTAT                           00000006
ADCON0                            0000001F
ADCON1                            0000009F
ADCS0                             00000006
ADCS1                             00000007
ADDEN                             00000003
ADFM                              00000007
ADIE                              00000006
ADIF                              00000006
ADON                              00000000
ADRESH                            0000001E
ADRESL                            0000009E
BCLIE                             00000003
BCLIF                             00000003
BF                                00000000
BRGH                              00000002
Button1                           PORTA,RA0
Button2                           PORTA,RA1
Button3                           PORTB,RB0
C                                 00000000
CCP1CON                           00000017
CCP1IE                            00000002
CCP1IF                            00000002
CCP1M0                            00000000
CCP1M1                            00000001
CCP1M2                            00000002
CCP1M3                            00000003
CCP1X                             00000005
CCP1Y                             00000004
CCP2CON                           0000001D
CCP2IE                            00000000
CCP2IF                            00000000
CCP2M0                            00000000
CCP2M1                            00000001
CCP2M2                            00000002
CCP2M3                            00000003
CCP2X                             00000005
CCP2Y                             00000004
CCPR1                             00000015
CCPR1H                            00000016
CCPR1L                            00000015
CCPR2                             0000001B
CCPR2H                            0000001C
CCPR2L                            0000001B
CHS0                              00000003
CHS1                              00000004
CHS2                              00000005
CKE                               00000006
CKP                               00000004
CREN                              00000004
CSRC                              00000007
MPASM  5.50                         TUTO2.ASM   4-24-2020  10:16:42         PAGE  5


SYMBOL TABLE
  LABEL                             VALUE 

D                                 00000005
DATA_ADDRESS                      00000005
DC                                00000001
D_A                               00000005
D_NOT_A                           00000005
EEADR                             0000010D
EEADRH                            0000010F
EECON1                            0000018C
EECON2                            0000018D
EEDATA                            0000010C
EEDATH                            0000010E
EEIE                              00000004
EEIF                              00000004
EEPGD                             00000007
F                                 00000001
FERR                              00000002
FSR                               00000004
GCEN                              00000007
GIE                               00000007
GO                                00000002
GO_DONE                           00000002
GO_NOT_DONE                       00000002
I2C_DATA                          00000005
I2C_READ                          00000002
I2C_START                         00000003
I2C_STOP                          00000004
IBF                               00000007
IBOV                              00000005
INDF                              00000000
INTCON                            0000000B
INTE                              00000004
INTEDG                            00000006
INTF                              00000001
IRP                               00000007
LED1                              PORTC,RC0
LED2                              PORTC,RC1
LED3                              PORTC,RC2
NOT_A                             00000005
NOT_ADDRESS                       00000005
NOT_BO                            00000000
NOT_BOR                           00000000
NOT_DONE                          00000002
NOT_PD                            00000003
NOT_POR                           00000001
NOT_RBPU                          00000007
NOT_RC8                           00000006
NOT_T1SYNC                        00000002
NOT_TO                            00000004
NOT_TX8                           00000006
NOT_W                             00000002
NOT_WRITE                         00000002
OBF                               00000006
OERR                              00000001
MPASM  5.50                         TUTO2.ASM   4-24-2020  10:16:42         PAGE  6


SYMBOL TABLE
  LABEL                             VALUE 

OPTION_REG                        00000081
P                                 00000004
PCFG0                             00000000
PCFG1                             00000001
PCFG2                             00000002
PCFG3                             00000003
PCL                               00000002
PCLATH                            0000000A
PCON                              0000008E
PEIE                              00000006
PEN                               00000002
PIE1                              0000008C
PIE2                              0000008D
PIR1                              0000000C
PIR2                              0000000D
PORTA                             00000005
PORTB                             00000006
PORTC                             00000007
PORTD                             00000008
PORTE                             00000009
PR2                               00000092
PS0                               00000000
PS1                               00000001
PS2                               00000002
PSA                               00000003
PSPIE                             00000007
PSPIF                             00000007
PSPMODE                           00000004
R                                 00000002
RA0                               00000000
RA1                               00000001
RA2                               00000002
RA3                               00000003
RA4                               00000004
RA5                               00000005
RB0                               00000000
RB1                               00000001
RB2                               00000002
RB3                               00000003
RB4                               00000004
RB5                               00000005
RB6                               00000006
RB7                               00000007
RBIE                              00000003
RBIF                              00000000
RC0                               00000000
RC1                               00000001
RC2                               00000002
RC3                               00000003
RC4                               00000004
RC5                               00000005
RC6                               00000006
RC7                               00000007
MPASM  5.50                         TUTO2.ASM   4-24-2020  10:16:42         PAGE  7


SYMBOL TABLE
  LABEL                             VALUE 

RC8_9                             00000006
RC9                               00000006
RCD8                              00000000
RCEN                              00000003
RCIE                              00000005
RCIF                              00000005
RCREG                             0000001A
RCSTA                             00000018
RD                                00000000
RD0                               00000000
RD1                               00000001
RD2                               00000002
RD3                               00000003
RD4                               00000004
RD5                               00000005
RD6                               00000006
RD7                               00000007
RE0                               00000000
RE1                               00000001
RE2                               00000002
READ_WRITE                        00000002
RP0                               00000005
RP1                               00000006
RSEN                              00000001
RX9                               00000006
RX9D                              00000000
R_NOT_W                           00000002
R_W                               00000002
S                                 00000003
SEN                               00000000
SMP                               00000007
SPBRG                             00000099
SPEN                              00000007
SREN                              00000005
SSPADD                            00000093
SSPBUF                            00000013
SSPCON                            00000014
SSPCON2                           00000091
SSPEN                             00000005
SSPIE                             00000003
SSPIF                             00000003
SSPM0                             00000000
SSPM1                             00000001
SSPM2                             00000002
SSPM3                             00000003
SSPOV                             00000006
SSPSTAT                           00000094
STATUS                            00000003
SYNC                              00000004
T0CS                              00000005
T0IE                              00000005
T0IF                              00000002
T0SE                              00000004
MPASM  5.50                         TUTO2.ASM   4-24-2020  10:16:42         PAGE  8


SYMBOL TABLE
  LABEL                             VALUE 

T1CKPS0                           00000004
T1CKPS1                           00000005
T1CON                             00000010
T1INSYNC                          00000002
T1OSCEN                           00000003
T1SYNC                            00000002
T2CKPS0                           00000000
T2CKPS1                           00000001
T2CON                             00000012
TMR0                              00000001
TMR0IE                            00000005
TMR0IF                            00000002
TMR1                              0000000E
TMR1CS                            00000001
TMR1H                             0000000F
TMR1IE                            00000000
TMR1IF                            00000000
TMR1L                             0000000E
TMR1ON                            00000000
TMR2                              00000011
TMR2IE                            00000001
TMR2IF                            00000001
TMR2ON                            00000002
TOUTPS0                           00000003
TOUTPS1                           00000004
TOUTPS2                           00000005
TOUTPS3                           00000006
TRISA                             00000085
TRISA0                            00000000
TRISA1                            00000001
TRISA2                            00000002
TRISA3                            00000003
TRISA4                            00000004
TRISA5                            00000005
TRISB                             00000086
TRISB0                            00000000
TRISB1                            00000001
TRISB2                            00000002
TRISB3                            00000003
TRISB4                            00000004
TRISB5                            00000005
TRISB6                            00000006
TRISB7                            00000007
TRISC                             00000087
TRISC0                            00000000
TRISC1                            00000001
TRISC2                            00000002
TRISC3                            00000003
TRISC4                            00000004
TRISC5                            00000005
TRISC6                            00000006
TRISC7                            00000007
TRISD                             00000088
MPASM  5.50                         TUTO2.ASM   4-24-2020  10:16:42         PAGE  9


SYMBOL TABLE
  LABEL                             VALUE 

TRISD0                            00000000
TRISD1                            00000001
TRISD2                            00000002
TRISD3                            00000003
TRISD4                            00000004
TRISD5                            00000005
TRISD6                            00000006
TRISD7                            00000007
TRISE                             00000089
TRISE0                            00000000
TRISE1                            00000001
TRISE2                            00000002
TRMT                              00000001
TX8_9                             00000006
TX9                               00000006
TX9D                              00000000
TXD8                              00000000
TXEN                              00000005
TXIE                              00000004
TXIF                              00000004
TXREG                             00000019
TXSTA                             00000098
Toggle_LED1                       00000035
Toggle_LED2                       0000003B
Toggle_LED3                       00000041
UA                                00000001
W                                 00000000
WCOL                              00000007
WR                                00000001
WREN                              00000002
WRERR                             00000003
Z                                 00000002
_BODEN_OFF                        00003FBF
_BODEN_ON                         00003FFF
_BOREN_OFF                        00003FBF
_BOREN_ON                         00003FFF
_CONFIG                           00002007
_CPD_OFF                          00003FFF
_CPD_ON                           00003EFF
_CP_ALL                           00000FCF
_CP_HALF                          00001FDF
_CP_OFF                           00003FFF
_CP_UPPER_256                     00002FEF
_DEBUG_OFF                        00003FFF
_DEBUG_ON                         000037FF
_DEVID1                           00002006
_FOSC_EXTRC                       00003FFF
_FOSC_HS                          00003FFE
_FOSC_LP                          00003FFC
_FOSC_XT                          00003FFD
_HS_OSC                           00003FFE
_IDLOC0                           00002000
_IDLOC1                           00002001
MPASM  5.50                         TUTO2.ASM   4-24-2020  10:16:42         PAGE 10


SYMBOL TABLE
  LABEL                             VALUE 

_IDLOC2                           00002002
_IDLOC3                           00002003
_LP_OSC                           00003FFC
_LVP_OFF                          00003F7F
_LVP_ON                           00003FFF
_PWRTE_OFF                        00003FFF
_PWRTE_ON                         00003FF7
_RC_OSC                           00003FFF
_WDTE_OFF                         00003FFB
_WDTE_ON                          00003FFF
_WDT_OFF                          00003FFB
_WDT_ON                           00003FFF
_WRT_ENABLE_OFF                   00003DFF
_WRT_ENABLE_ON                    00003FFF
_WRT_OFF                          00003DFF
_WRT_ON                           00003FFF
_XT_OSC                           00003FFD
__16F877                          00000001
__DEBUG                           1
b1                                00000028
delay                             00000023
infloop                           0000001C
main                              0000000D
status_temp                       0000007F
variable1                         00000020
variable2                         00000021
variable3                         00000022
w_temp                            0000007E


MEMORY USAGE MAP ('X' = Used,  '-' = Unused)

0000 : X---XXXXXXXXXXXX XXXXXXXXXXXXXXXX XXXXXXXXXXXXXXXX XXXXXXXXXXXXXXXX
0040 : XXXXXXX--------- ---------------- ---------------- ----------------
2000 : -------X-------- ---------------- ---------------- ----------------

All other memory blocks unused.

Program Memory Words Used:    68
Program Memory Words Free:  8124


Errors   :     0
Warnings :     0 reported,     0 suppressed
Messages :     8 reported,     0 suppressed

