MPASM  5.50                         MAIN2.ASM   4-10-2020  14:54:54         PAGE  1


LOC  OBJECT CODE     LINE SOURCE TEXT
  VALUE

                      00001 ;**********************************************************************
                      00002 ;                                                                     *
                      00003 ;    Filename:      inttmr0delai.asm                                  *
                      00004 ;    Date:          09/04/2020                                        *
                      00005 ;                                                                     *
                      00006 ;    Author:            KHADRAOUI Ibrahim                                 *
                      00007 ;    Company:           USTHB FEI                                         *
                      00008 ;                                                                     * 
                      00009 ;                                                                     *
                      00010 ;**********************************************************************
                      00011 ;**********************************************************************
                      00012 ;                                                                     *
                      00013 ;    Notes: On utilise une diviseur de fréquence de 1/256 et notre       *
                      00014 ;                       quartz est de 4Mhz alors notre cycle d'instruction est    *
                      00015 ;                       de 1µs on en déduit que le timer0 s'incrémente chaque     *
                      00016 ;                       256µs(a cause du diviseur de fréquence) pour obtenir un   *
                      00017 ;                       délai de 10ms il faut que le timer0 s'incrémente 39 fois  *
                      00018 ;                       alors je fais 256-39 pour trouver la valeur initial du    *
                      00019 ;                       timer0  0x27
                      00020 ;                                                                     *
                      00021 ;**********************************************************************
                      00022 
                      00023 
                      00024 ;*******************************************************************************************************
                            *****************
                      00025         list r=dec
                      00026         list      p=16f877            
                      00027         #include <p16f877.inc>        
                      00001         LIST
                      00002 
                      00003 ;==========================================================================
                      00004 ;  MPASM PIC16F877 processor include
                      00005 ; 
                      00006 ;  (c) Copyright 1999-2013 Microchip Technology, All rights reserved
                      00007 ;==========================================================================
                      00008 
                      00540         LIST
2007   3FF7           00028         __CONFIG _CP_OFF & _WDT_ON & _BODEN_ON & _PWRTE_ON & _RC_OSC & _WRT_ENABLE_ON & _LVP_ON & _DEBUG
                            _OFF & _CPD_OFF 
                      00029 ;*******************************************************************************************************
                            *****************               
                      00030 
                      00031 ;***** VARIABLE DEFINITIONS
Warning[205]: Found directive in column 1. (CBLOCK)
                      00032 CBLOCK 20h
  00000020            00033         w_temp        :1
  00000021            00034         status_temp   :1
  00000022            00035         compteur          :1
Warning[205]: Found directive in column 1. (ENDC)
                      00036 ENDC
                      00037 
  00000087            00038 mask_option             EQU B'10000111' 
  000000A0            00039 mask_interruption       EQU B'10100000'
MPASM  5.50                         MAIN2.ASM   4-10-2020  14:54:54         PAGE  2


LOC  OBJECT CODE     LINE SOURCE TEXT
  VALUE

                      00040 ;-----------------------------------
                      00041 #define LED PORTB,.0
                      00042 ;-----------------------------------
                      00043 LED_ON  macro
                      00044                 BANKSEL PORTB
                      00045                 BSF LED
                      00046                 ENDM
                      00047 
                      00048 LED_OFF macro
                      00049                 BANKSEL PORTB
                      00050                 BCF LED
                      00051                 ENDM
                      00052                 
                      00053 WRITE_REG macro register,value 
                      00054                 BANKSEL register
                      00055                 MOVLW value
                      00056                 MOVWF register
                      00057                 ENDM
                      00058                 
                      00059 TMR0_START macro
                      00060                 BANKSEL INTCON
                      00061                 MOVLW mask_interruption
                      00062                 MOVWF INTCON
                      00063                 ENDM
                      00064 ;********************************************************************************
0000                  00065                 ORG     0x000             ; processor reset vector                                      
0000   280F           00066                 GOTO    main              ; go to beginning of program                          
                      00067                                                                                                         
                                                                    
                      00068 ;********************************************************************************
0004                  00069                 ORG     0x004             ; interrupt vector location                           
0004   00A0           00070                 MOVWF   w_temp            ; save off current W register contents        
0005   0803           00071                 MOVF    STATUS,w          ; move status register into W register        
0006   00A1           00072                 MOVWF   status_temp       ; save off contents of STATUS register        
                      00073 ;********************************************************************************
0007   1A8B           00074                 BTFSC   INTCON,T0IE               ; test if Timer0 interrupt is active                  
                                                                               
0008   1D0B           00075                 BTFSS   INTCON,T0IF               ; test if the flag is set                             
                                                                            
0009   110B           00076                 BCF     INTCON,T0IF               ; set the flag to 0
                      00077                 ;After the ISR
000A   0821           00078                 MOVF    status_temp,w     ; retrieve copy of STATUS register
000B   0083           00079                 MOVWF   STATUS            ; restore pre-isr STATUS register contents
000C   0EA0           00080                 SWAPF   w_temp,f
000D   0E20           00081                 SWAPF   w_temp,w          ; restore pre-isr W register contents
000E   0009           00082                 RETFIE                    ; return from interrupt
                      00083 ;********************************************************************************
                      00084 
                      00085 
000F                  00086 main
000F   1683 1303      00087                 BANKSEL OPTION_REG
0011   3087           00088                 MOVLW   mask_option
Message[302]: Register in operand not in bank 0.  Ensure that bank bits are correct.
MPASM  5.50                         MAIN2.ASM   4-10-2020  14:54:54         PAGE  3


LOC  OBJECT CODE     LINE SOURCE TEXT
  VALUE

0012   0081           00089                 MOVWF   OPTION_REG
0013   1683 1303      00090                 BANKSEL TRISB
Message[302]: Register in operand not in bank 0.  Ensure that bank bits are correct.
0015   0186           00091                 CLRF TRISB
                      00092                 LED_ON
0016   1283 1303          M                 BANKSEL PORTB
0018   1406               M                 BSF LED
                      00093                 TMR0_START
0019   1283 1303          M                 BANKSEL INTCON
001B   30A0               M                 MOVLW mask_interruption
001C   008B               M                 MOVWF INTCON
Warning[207]: Found label after column 1. (while1)
001D                  00094                 while1
                      00095                         if compteur == .100
                      00096                                 CALL TOGGLE_LED
                      00097                                 WRITE_REG 
                      00098                         ENDIF
001D   281D           00099                 GOTO while1
                      00100 ;********************************************************************************
Warning[207]: Found label after column 1. (TMR0_ISR)
001E                  00101                 TMR0_ISR
Message[305]: Using default destination of 1 (file).
001E   0AA2           00102                         INCF compteur
001F   0008           00103                 RETURN
                      00104 ;********************************************************************************               
Warning[207]: Found label after column 1. (TOGGLE_LED)
0020                  00105                 TOGGLE_LED
0020   1283 1303      00106                         BANKSEL PORTB
Error[108]  : Illegal character (,)
                      00107                         if LED == .1
                      00108                                 LED_OFF
                      00109                         else
                      00110                                 LED_ON
0022   1283 1303          M                 BANKSEL PORTB
0024   1406               M                 BSF LED
                      00111                         ENDIF
0025   0008           00112                 RETURN
Warning[205]: Found directive in column 1. (END)
                      00113 END
MPASM  5.50                         MAIN2.ASM   4-10-2020  14:54:54         PAGE  4


SYMBOL TABLE
  LABEL                             VALUE 

ACKDT                             00000005
ACKEN                             00000004
ACKSTAT                           00000006
ADCON0                            0000001F
ADCON1                            0000009F
ADCS0                             00000006
ADCS1                             00000007
ADDEN                             00000003
ADFM                              00000007
ADIE                              00000006
ADIF                              00000006
ADON                              00000000
ADRESH                            0000001E
ADRESL                            0000009E
BCLIE                             00000003
BCLIF                             00000003
BF                                00000000
BRGH                              00000002
C                                 00000000
CCP1CON                           00000017
CCP1IE                            00000002
CCP1IF                            00000002
CCP1M0                            00000000
CCP1M1                            00000001
CCP1M2                            00000002
CCP1M3                            00000003
CCP1X                             00000005
CCP1Y                             00000004
CCP2CON                           0000001D
CCP2IE                            00000000
CCP2IF                            00000000
CCP2M0                            00000000
CCP2M1                            00000001
CCP2M2                            00000002
CCP2M3                            00000003
CCP2X                             00000005
CCP2Y                             00000004
CCPR1                             00000015
CCPR1H                            00000016
CCPR1L                            00000015
CCPR2                             0000001B
CCPR2H                            0000001C
CCPR2L                            0000001B
CHS0                              00000003
CHS1                              00000004
CHS2                              00000005
CKE                               00000006
CKP                               00000004
CREN                              00000004
CSRC                              00000007
D                                 00000005
DATA_ADDRESS                      00000005
DC                                00000001
MPASM  5.50                         MAIN2.ASM   4-10-2020  14:54:54         PAGE  5


SYMBOL TABLE
  LABEL                             VALUE 

D_A                               00000005
D_NOT_A                           00000005
EEADR                             0000010D
EEADRH                            0000010F
EECON1                            0000018C
EECON2                            0000018D
EEDATA                            0000010C
EEDATH                            0000010E
EEIE                              00000004
EEIF                              00000004
EEPGD                             00000007
F                                 00000001
FERR                              00000002
FSR                               00000004
GCEN                              00000007
GIE                               00000007
GO                                00000002
GO_DONE                           00000002
GO_NOT_DONE                       00000002
I2C_DATA                          00000005
I2C_READ                          00000002
I2C_START                         00000003
I2C_STOP                          00000004
IBF                               00000007
IBOV                              00000005
INDF                              00000000
INTCON                            0000000B
INTE                              00000004
INTEDG                            00000006
INTF                              00000001
IRP                               00000007
LED                               PORTB,.0
LED_OFF                           
LED_ON                            
NOT_A                             00000005
NOT_ADDRESS                       00000005
NOT_BO                            00000000
NOT_BOR                           00000000
NOT_DONE                          00000002
NOT_PD                            00000003
NOT_POR                           00000001
NOT_RBPU                          00000007
NOT_RC8                           00000006
NOT_T1SYNC                        00000002
NOT_TO                            00000004
NOT_TX8                           00000006
NOT_W                             00000002
NOT_WRITE                         00000002
OBF                               00000006
OERR                              00000001
OPTION_REG                        00000081
P                                 00000004
PCFG0                             00000000
MPASM  5.50                         MAIN2.ASM   4-10-2020  14:54:54         PAGE  6


SYMBOL TABLE
  LABEL                             VALUE 

PCFG1                             00000001
PCFG2                             00000002
PCFG3                             00000003
PCL                               00000002
PCLATH                            0000000A
PCON                              0000008E
PEIE                              00000006
PEN                               00000002
PIE1                              0000008C
PIE2                              0000008D
PIR1                              0000000C
PIR2                              0000000D
PORTA                             00000005
PORTB                             00000006
PORTC                             00000007
PORTD                             00000008
PORTE                             00000009
PR2                               00000092
PS0                               00000000
PS1                               00000001
PS2                               00000002
PSA                               00000003
PSPIE                             00000007
PSPIF                             00000007
PSPMODE                           00000004
R                                 00000002
RA0                               00000000
RA1                               00000001
RA2                               00000002
RA3                               00000003
RA4                               00000004
RA5                               00000005
RB0                               00000000
RB1                               00000001
RB2                               00000002
RB3                               00000003
RB4                               00000004
RB5                               00000005
RB6                               00000006
RB7                               00000007
RBIE                              00000003
RBIF                              00000000
RC0                               00000000
RC1                               00000001
RC2                               00000002
RC3                               00000003
RC4                               00000004
RC5                               00000005
RC6                               00000006
RC7                               00000007
RC8_9                             00000006
RC9                               00000006
RCD8                              00000000
MPASM  5.50                         MAIN2.ASM   4-10-2020  14:54:54         PAGE  7


SYMBOL TABLE
  LABEL                             VALUE 

RCEN                              00000003
RCIE                              00000005
RCIF                              00000005
RCREG                             0000001A
RCSTA                             00000018
RD                                00000000
RD0                               00000000
RD1                               00000001
RD2                               00000002
RD3                               00000003
RD4                               00000004
RD5                               00000005
RD6                               00000006
RD7                               00000007
RE0                               00000000
RE1                               00000001
RE2                               00000002
READ_WRITE                        00000002
RP0                               00000005
RP1                               00000006
RSEN                              00000001
RX9                               00000006
RX9D                              00000000
R_NOT_W                           00000002
R_W                               00000002
S                                 00000003
SEN                               00000000
SMP                               00000007
SPBRG                             00000099
SPEN                              00000007
SREN                              00000005
SSPADD                            00000093
SSPBUF                            00000013
SSPCON                            00000014
SSPCON2                           00000091
SSPEN                             00000005
SSPIE                             00000003
SSPIF                             00000003
SSPM0                             00000000
SSPM1                             00000001
SSPM2                             00000002
SSPM3                             00000003
SSPOV                             00000006
SSPSTAT                           00000094
STATUS                            00000003
SYNC                              00000004
T0CS                              00000005
T0IE                              00000005
T0IF                              00000002
T0SE                              00000004
T1CKPS0                           00000004
T1CKPS1                           00000005
T1CON                             00000010
MPASM  5.50                         MAIN2.ASM   4-10-2020  14:54:54         PAGE  8


SYMBOL TABLE
  LABEL                             VALUE 

T1INSYNC                          00000002
T1OSCEN                           00000003
T1SYNC                            00000002
T2CKPS0                           00000000
T2CKPS1                           00000001
T2CON                             00000012
TMR0                              00000001
TMR0IE                            00000005
TMR0IF                            00000002
TMR0_ISR                          0000001E
TMR0_START                        
TMR1                              0000000E
TMR1CS                            00000001
TMR1H                             0000000F
TMR1IE                            00000000
TMR1IF                            00000000
TMR1L                             0000000E
TMR1ON                            00000000
TMR2                              00000011
TMR2IE                            00000001
TMR2IF                            00000001
TMR2ON                            00000002
TOGGLE_LED                        00000020
TOUTPS0                           00000003
TOUTPS1                           00000004
TOUTPS2                           00000005
TOUTPS3                           00000006
TRISA                             00000085
TRISA0                            00000000
TRISA1                            00000001
TRISA2                            00000002
TRISA3                            00000003
TRISA4                            00000004
TRISA5                            00000005
TRISB                             00000086
TRISB0                            00000000
TRISB1                            00000001
TRISB2                            00000002
TRISB3                            00000003
TRISB4                            00000004
TRISB5                            00000005
TRISB6                            00000006
TRISB7                            00000007
TRISC                             00000087
TRISC0                            00000000
TRISC1                            00000001
TRISC2                            00000002
TRISC3                            00000003
TRISC4                            00000004
TRISC5                            00000005
TRISC6                            00000006
TRISC7                            00000007
TRISD                             00000088
MPASM  5.50                         MAIN2.ASM   4-10-2020  14:54:54         PAGE  9


SYMBOL TABLE
  LABEL                             VALUE 

TRISD0                            00000000
TRISD1                            00000001
TRISD2                            00000002
TRISD3                            00000003
TRISD4                            00000004
TRISD5                            00000005
TRISD6                            00000006
TRISD7                            00000007
TRISE                             00000089
TRISE0                            00000000
TRISE1                            00000001
TRISE2                            00000002
TRMT                              00000001
TX8_9                             00000006
TX9                               00000006
TX9D                              00000000
TXD8                              00000000
TXEN                              00000005
TXIE                              00000004
TXIF                              00000004
TXREG                             00000019
TXSTA                             00000098
UA                                00000001
W                                 00000000
WCOL                              00000007
WR                                00000001
WREN                              00000002
WRERR                             00000003
WRITE_REG                         
Z                                 00000002
_BODEN_OFF                        00003FBF
_BODEN_ON                         00003FFF
_BOREN_OFF                        00003FBF
_BOREN_ON                         00003FFF
_CONFIG                           00002007
_CPD_OFF                          00003FFF
_CPD_ON                           00003EFF
_CP_ALL                           00000FCF
_CP_HALF                          00001FDF
_CP_OFF                           00003FFF
_CP_UPPER_256                     00002FEF
_DEBUG_OFF                        00003FFF
_DEBUG_ON                         000037FF
_DEVID1                           00002006
_FOSC_EXTRC                       00003FFF
_FOSC_HS                          00003FFE
_FOSC_LP                          00003FFC
_FOSC_XT                          00003FFD
_HS_OSC                           00003FFE
_IDLOC0                           00002000
_IDLOC1                           00002001
_IDLOC2                           00002002
_IDLOC3                           00002003
MPASM  5.50                         MAIN2.ASM   4-10-2020  14:54:54         PAGE 10


SYMBOL TABLE
  LABEL                             VALUE 

_LP_OSC                           00003FFC
_LVP_OFF                          00003F7F
_LVP_ON                           00003FFF
_PWRTE_OFF                        00003FFF
_PWRTE_ON                         00003FF7
_RC_OSC                           00003FFF
_WDTE_OFF                         00003FFB
_WDTE_ON                          00003FFF
_WDT_OFF                          00003FFB
_WDT_ON                           00003FFF
_WRT_ENABLE_OFF                   00003DFF
_WRT_ENABLE_ON                    00003FFF
_WRT_OFF                          00003DFF
_WRT_ON                           00003FFF
_XT_OSC                           00003FFD
__16F877                          00000001
__DEBUG                           1
compteur                          00000022
main                              0000000F
mask_interruption                 000000A0
mask_option                       00000087
status_temp                       00000021
w_temp                            00000020
while1                            0000001D


MEMORY USAGE MAP ('X' = Used,  '-' = Unused)

0000 : X---XXXXXXXXXXXX XXXXXXXXXXXXXXXX XXXXXX---------- ----------------
2000 : -------X-------- ---------------- ---------------- ----------------

All other memory blocks unused.

Program Memory Words Used:    35
Program Memory Words Free:  8157


Errors   :     1
Warnings :     6 reported,     0 suppressed
Messages :     3 reported,     0 suppressed

